
*** Running vivado
    with args -log design_1_axi_7seg_0_0.vds -m64 -product Vivado -mode batch -messageDb vivado.pb -notrace -source design_1_axi_7seg_0_0.tcl



****** Vivado v2025.1 (64-bit)
  **** SW Build 6140274 on Thu May 22 00:12:29 MDT 2025
  **** IP Build 6138677 on Thu May 22 03:10:11 MDT 2025
  **** SharedData Build 6139179 on Tue May 20 17:58:58 MDT 2025
  **** Start of session at: Thu Oct  2 09:02:24 2025
    ** Copyright 1986-2022 Xilinx, Inc. All Rights Reserved.
    ** Copyright 2022-2025 Advanced Micro Devices, Inc. All Rights Reserved.

source design_1_axi_7seg_0_0.tcl -notrace
create_project: Time (s): cpu = 00:00:12 ; elapsed = 00:00:09 . Memory (MB): peak = 495.852 ; gain = 212.711
INFO: [IP_Flow 19-234] Refreshing IP repositories
INFO: [IP_Flow 19-1700] Loaded user IP repository 'c:/Users/emari/Desktop/mbv-axi-slave-ip-repo/ip_repo/axi_7seg_1_0'.
INFO: [IP_Flow 19-2313] Loaded Vivado IP repository 'C:/Xilinx/2025.1/Vivado/data/ip'.
WARNING: [IP_Flow 19-4995] The host OS only allows 260 characters in a normal path. The IP cache path is more than 80 characters. If you experience issues with IP caching, please consider changing the IP cache to a location with a shorter path. Alternately consider using the OS subst command to map part of the path to a drive letter. 
Current IP cache path is c:/Users/emari/Desktop/mbv-axi-slave-ip-repo/vivado-axi-7seg/vivado-axi-7seg.cache/ip 
Command: synth_design -top design_1_axi_7seg_0_0 -part xc7a35tcpg236-1 -incremental_mode off -mode out_of_context
Starting synth_design
Attempting to get a license for feature 'Synthesis' and/or device 'xc7a35t'
INFO: [Common 17-349] Got license for feature 'Synthesis' and/or device 'xc7a35t'
INFO: [Device 21-403] Loading part xc7a35tcpg236-1
INFO: [Synth 8-7079] Multithreading enabled for synth_design using a maximum of 2 processes.
INFO: [Synth 8-7078] Launching helper process for spawning children vivado processes
INFO: [Synth 8-7075] Helper process launched with PID 25348
---------------------------------------------------------------------------------
Starting RTL Elaboration : Time (s): cpu = 00:00:08 ; elapsed = 00:00:09 . Memory (MB): peak = 1189.500 ; gain = 491.902
---------------------------------------------------------------------------------
INFO: [Synth 8-6157] synthesizing module 'design_1_axi_7seg_0_0' [c:/Users/emari/Desktop/mbv-axi-slave-ip-repo/vivado-axi-7seg/vivado-axi-7seg.gen/sources_1/bd/design_1/ip/design_1_axi_7seg_0_0/synth/design_1_axi_7seg_0_0.v:53]
INFO: [Synth 8-6157] synthesizing module 'axi_7seg' [c:/Users/emari/Desktop/mbv-axi-slave-ip-repo/vivado-axi-7seg/vivado-axi-7seg.gen/sources_1/bd/design_1/ipshared/3893/hdl/axi_7seg.v:4]
INFO: [Synth 8-6157] synthesizing module 'axi_7seg_slave_lite_v1_0_S00_AXI' [c:/Users/emari/Desktop/mbv-axi-slave-ip-repo/vivado-axi-7seg/vivado-axi-7seg.gen/sources_1/bd/design_1/ipshared/3893/hdl/axi_7seg_slave_lite_v1_0_S00_AXI.v:4]
INFO: [Synth 8-155] case statement is not full and has no default [c:/Users/emari/Desktop/mbv-axi-slave-ip-repo/vivado-axi-7seg/vivado-axi-7seg.gen/sources_1/bd/design_1/ipshared/3893/hdl/axi_7seg_slave_lite_v1_0_S00_AXI.v:144]
INFO: [Synth 8-226] default block is never used [c:/Users/emari/Desktop/mbv-axi-slave-ip-repo/vivado-axi-7seg/vivado-axi-7seg.gen/sources_1/bd/design_1/ipshared/3893/hdl/axi_7seg_slave_lite_v1_0_S00_AXI.v:223]
INFO: [Synth 8-155] case statement is not full and has no default [c:/Users/emari/Desktop/mbv-axi-slave-ip-repo/vivado-axi-7seg/vivado-axi-7seg.gen/sources_1/bd/design_1/ipshared/3893/hdl/axi_7seg_slave_lite_v1_0_S00_AXI.v:281]
INFO: [Synth 8-6157] synthesizing module 'display_decoder' [c:/Users/emari/Desktop/mbv-axi-slave-ip-repo/vivado-axi-7seg/vivado-axi-7seg.gen/sources_1/bd/design_1/ipshared/3893/src/display_decoder.v:8]
INFO: [Synth 8-226] default block is never used [c:/Users/emari/Desktop/mbv-axi-slave-ip-repo/vivado-axi-7seg/vivado-axi-7seg.gen/sources_1/bd/design_1/ipshared/3893/src/display_decoder.v:183]
INFO: [Synth 8-226] default block is never used [c:/Users/emari/Desktop/mbv-axi-slave-ip-repo/vivado-axi-7seg/vivado-axi-7seg.gen/sources_1/bd/design_1/ipshared/3893/src/display_decoder.v:207]
INFO: [Synth 8-6155] done synthesizing module 'display_decoder' (0#1) [c:/Users/emari/Desktop/mbv-axi-slave-ip-repo/vivado-axi-7seg/vivado-axi-7seg.gen/sources_1/bd/design_1/ipshared/3893/src/display_decoder.v:8]
INFO: [Synth 8-6155] done synthesizing module 'axi_7seg_slave_lite_v1_0_S00_AXI' (0#1) [c:/Users/emari/Desktop/mbv-axi-slave-ip-repo/vivado-axi-7seg/vivado-axi-7seg.gen/sources_1/bd/design_1/ipshared/3893/hdl/axi_7seg_slave_lite_v1_0_S00_AXI.v:4]
INFO: [Synth 8-6155] done synthesizing module 'axi_7seg' (0#1) [c:/Users/emari/Desktop/mbv-axi-slave-ip-repo/vivado-axi-7seg/vivado-axi-7seg.gen/sources_1/bd/design_1/ipshared/3893/hdl/axi_7seg.v:4]
INFO: [Synth 8-6155] done synthesizing module 'design_1_axi_7seg_0_0' (0#1) [c:/Users/emari/Desktop/mbv-axi-slave-ip-repo/vivado-axi-7seg/vivado-axi-7seg.gen/sources_1/bd/design_1/ip/design_1_axi_7seg_0_0/synth/design_1_axi_7seg_0_0.v:53]
WARNING: [Synth 8-7129] Port S_AXI_AWPROT[2] in module axi_7seg_slave_lite_v1_0_S00_AXI is either unconnected or has no load
WARNING: [Synth 8-7129] Port S_AXI_AWPROT[1] in module axi_7seg_slave_lite_v1_0_S00_AXI is either unconnected or has no load
WARNING: [Synth 8-7129] Port S_AXI_AWPROT[0] in module axi_7seg_slave_lite_v1_0_S00_AXI is either unconnected or has no load
WARNING: [Synth 8-7129] Port S_AXI_ARPROT[2] in module axi_7seg_slave_lite_v1_0_S00_AXI is either unconnected or has no load
WARNING: [Synth 8-7129] Port S_AXI_ARPROT[1] in module axi_7seg_slave_lite_v1_0_S00_AXI is either unconnected or has no load
WARNING: [Synth 8-7129] Port S_AXI_ARPROT[0] in module axi_7seg_slave_lite_v1_0_S00_AXI is either unconnected or has no load
---------------------------------------------------------------------------------
Finished RTL Elaboration : Time (s): cpu = 00:00:10 ; elapsed = 00:00:11 . Memory (MB): peak = 1304.723 ; gain = 607.125
---------------------------------------------------------------------------------
---------------------------------------------------------------------------------
Start Handling Custom Attributes
---------------------------------------------------------------------------------
---------------------------------------------------------------------------------
Finished Handling Custom Attributes : Time (s): cpu = 00:00:10 ; elapsed = 00:00:11 . Memory (MB): peak = 1304.723 ; gain = 607.125
---------------------------------------------------------------------------------
---------------------------------------------------------------------------------
Finished RTL Optimization Phase 1 : Time (s): cpu = 00:00:10 ; elapsed = 00:00:11 . Memory (MB): peak = 1304.723 ; gain = 607.125
---------------------------------------------------------------------------------
Netlist sorting complete. Time (s): cpu = 00:00:00 ; elapsed = 00:00:00.008 . Memory (MB): peak = 1304.723 ; gain = 0.000
INFO: [Project 1-570] Preparing netlist for logic optimization

Processing XDC Constraints
Initializing timing engine
Completed Processing XDC Constraints

Netlist sorting complete. Time (s): cpu = 00:00:00 ; elapsed = 00:00:00.001 . Memory (MB): peak = 1372.934 ; gain = 0.000
INFO: [Project 1-111] Unisim Transformation Summary:
No Unisim elements were transformed.

Constraint Validation Runtime : Time (s): cpu = 00:00:00 ; elapsed = 00:00:00.039 . Memory (MB): peak = 1373.660 ; gain = 0.727
INFO: [Designutils 20-5008] Incremental synthesis strategy off
---------------------------------------------------------------------------------
Finished Constraint Validation : Time (s): cpu = 00:00:22 ; elapsed = 00:00:23 . Memory (MB): peak = 1373.660 ; gain = 676.062
---------------------------------------------------------------------------------
---------------------------------------------------------------------------------
Start Loading Part and Timing Information
---------------------------------------------------------------------------------
Loading part: xc7a35tcpg236-1
---------------------------------------------------------------------------------
Finished Loading Part and Timing Information : Time (s): cpu = 00:00:22 ; elapsed = 00:00:23 . Memory (MB): peak = 1373.660 ; gain = 676.062
---------------------------------------------------------------------------------
---------------------------------------------------------------------------------
Start Applying 'set_property' XDC Constraints
---------------------------------------------------------------------------------
---------------------------------------------------------------------------------
Finished applying 'set_property' XDC Constraints : Time (s): cpu = 00:00:22 ; elapsed = 00:00:23 . Memory (MB): peak = 1373.660 ; gain = 676.062
---------------------------------------------------------------------------------
INFO: [Synth 8-802] inferred FSM for state register 'state_write_reg' in module 'axi_7seg_slave_lite_v1_0_S00_AXI'
INFO: [Synth 8-802] inferred FSM for state register 'state_read_reg' in module 'axi_7seg_slave_lite_v1_0_S00_AXI'
---------------------------------------------------------------------------------------------------
                   State |                     New Encoding |                Previous Encoding 
---------------------------------------------------------------------------------------------------
                    Idle |                               00 |                               00
                   Waddr |                               01 |                               10
                   Wdata |                               10 |                               11
---------------------------------------------------------------------------------------------------
INFO: [Synth 8-3354] encoded FSM with state register 'state_write_reg' using encoding 'sequential' in module 'axi_7seg_slave_lite_v1_0_S00_AXI'
---------------------------------------------------------------------------------------------------
                   State |                     New Encoding |                Previous Encoding 
---------------------------------------------------------------------------------------------------
                    Idle |                               00 |                               00
                   Raddr |                               01 |                               10
                   Rdata |                               10 |                               11
---------------------------------------------------------------------------------------------------
INFO: [Synth 8-3354] encoded FSM with state register 'state_read_reg' using encoding 'sequential' in module 'axi_7seg_slave_lite_v1_0_S00_AXI'
---------------------------------------------------------------------------------
Finished RTL Optimization Phase 2 : Time (s): cpu = 00:00:22 ; elapsed = 00:00:24 . Memory (MB): peak = 1373.660 ; gain = 676.062
---------------------------------------------------------------------------------
---------------------------------------------------------------------------------
Start RTL Component Statistics 
---------------------------------------------------------------------------------
Detailed RTL Component Info : 
+---Adders : 
	   2 Input   11 Bit       Adders := 1     
+---Registers : 
	               32 Bit    Registers := 4     
	               11 Bit    Registers := 1     
	                8 Bit    Registers := 1     
	                4 Bit    Registers := 3     
	                2 Bit    Registers := 1     
	                1 Bit    Registers := 5     
+---Muxes : 
	   2 Input   32 Bit        Muxes := 4     
	   4 Input   32 Bit        Muxes := 5     
	   2 Input    8 Bit        Muxes := 3     
	   4 Input    4 Bit        Muxes := 1     
	   3 Input    2 Bit        Muxes := 2     
	   2 Input    2 Bit        Muxes := 6     
	   2 Input    1 Bit        Muxes := 2     
	   3 Input    1 Bit        Muxes := 13    
---------------------------------------------------------------------------------
Finished RTL Component Statistics 
---------------------------------------------------------------------------------
---------------------------------------------------------------------------------
Start Part Resource Summary
---------------------------------------------------------------------------------
Part Resources:
DSPs: 90 (col length:60)
BRAMs: 100 (col length: RAMB18 60 RAMB36 30)
---------------------------------------------------------------------------------
Finished Part Resource Summary
---------------------------------------------------------------------------------
---------------------------------------------------------------------------------
Start Cross Boundary and Area Optimization
---------------------------------------------------------------------------------
WARNING: [Synth 8-7080] Parallel synthesis criteria is not met
WARNING: [Synth 8-7129] Port s00_axi_awprot[2] in module design_1_axi_7seg_0_0 is either unconnected or has no load
WARNING: [Synth 8-7129] Port s00_axi_awprot[1] in module design_1_axi_7seg_0_0 is either unconnected or has no load
WARNING: [Synth 8-7129] Port s00_axi_awprot[0] in module design_1_axi_7seg_0_0 is either unconnected or has no load
WARNING: [Synth 8-7129] Port s00_axi_arprot[2] in module design_1_axi_7seg_0_0 is either unconnected or has no load
WARNING: [Synth 8-7129] Port s00_axi_arprot[1] in module design_1_axi_7seg_0_0 is either unconnected or has no load
WARNING: [Synth 8-7129] Port s00_axi_arprot[0] in module design_1_axi_7seg_0_0 is either unconnected or has no load
---------------------------------------------------------------------------------
Finished Cross Boundary and Area Optimization : Time (s): cpu = 00:00:25 ; elapsed = 00:00:27 . Memory (MB): peak = 1373.660 ; gain = 676.062
---------------------------------------------------------------------------------
---------------------------------------------------------------------------------
Start Applying XDC Timing Constraints
---------------------------------------------------------------------------------
---------------------------------------------------------------------------------
Finished Applying XDC Timing Constraints : Time (s): cpu = 00:00:33 ; elapsed = 00:00:35 . Memory (MB): peak = 1508.469 ; gain = 810.871
---------------------------------------------------------------------------------
---------------------------------------------------------------------------------
Start Timing Optimization
---------------------------------------------------------------------------------
---------------------------------------------------------------------------------
Finished Timing Optimization : Time (s): cpu = 00:00:33 ; elapsed = 00:00:35 . Memory (MB): peak = 1508.691 ; gain = 811.094
---------------------------------------------------------------------------------
---------------------------------------------------------------------------------
Start Technology Mapping
---------------------------------------------------------------------------------
---------------------------------------------------------------------------------
Finished Technology Mapping : Time (s): cpu = 00:00:34 ; elapsed = 00:00:35 . Memory (MB): peak = 1520.082 ; gain = 822.484
---------------------------------------------------------------------------------
---------------------------------------------------------------------------------
Start IO Insertion
---------------------------------------------------------------------------------
---------------------------------------------------------------------------------
Start Flattening Before IO Insertion
---------------------------------------------------------------------------------
---------------------------------------------------------------------------------
Finished Flattening Before IO Insertion
---------------------------------------------------------------------------------
---------------------------------------------------------------------------------
Start Final Netlist Cleanup
---------------------------------------------------------------------------------
---------------------------------------------------------------------------------
Finished Final Netlist Cleanup
---------------------------------------------------------------------------------
---------------------------------------------------------------------------------
Finished IO Insertion : Time (s): cpu = 00:00:41 ; elapsed = 00:00:43 . Memory (MB): peak = 1752.586 ; gain = 1054.988
---------------------------------------------------------------------------------
---------------------------------------------------------------------------------
Start Renaming Generated Instances
---------------------------------------------------------------------------------
---------------------------------------------------------------------------------
Finished Renaming Generated Instances : Time (s): cpu = 00:00:41 ; elapsed = 00:00:43 . Memory (MB): peak = 1752.586 ; gain = 1054.988
---------------------------------------------------------------------------------
---------------------------------------------------------------------------------
Start Rebuilding User Hierarchy
---------------------------------------------------------------------------------
---------------------------------------------------------------------------------
Finished Rebuilding User Hierarchy : Time (s): cpu = 00:00:41 ; elapsed = 00:00:43 . Memory (MB): peak = 1752.586 ; gain = 1054.988
---------------------------------------------------------------------------------
---------------------------------------------------------------------------------
Start Renaming Generated Ports
---------------------------------------------------------------------------------
---------------------------------------------------------------------------------
Finished Renaming Generated Ports : Time (s): cpu = 00:00:41 ; elapsed = 00:00:43 . Memory (MB): peak = 1752.586 ; gain = 1054.988
---------------------------------------------------------------------------------
---------------------------------------------------------------------------------
Start Handling Custom Attributes
---------------------------------------------------------------------------------
---------------------------------------------------------------------------------
Finished Handling Custom Attributes : Time (s): cpu = 00:00:41 ; elapsed = 00:00:43 . Memory (MB): peak = 1752.586 ; gain = 1054.988
---------------------------------------------------------------------------------
---------------------------------------------------------------------------------
Start Renaming Generated Nets
---------------------------------------------------------------------------------
---------------------------------------------------------------------------------
Finished Renaming Generated Nets : Time (s): cpu = 00:00:41 ; elapsed = 00:00:43 . Memory (MB): peak = 1752.586 ; gain = 1054.988
---------------------------------------------------------------------------------
---------------------------------------------------------------------------------
Start Writing Synthesis Report
---------------------------------------------------------------------------------

Report BlackBoxes: 
+-+--------------+----------+
| |BlackBox name |Instances |
+-+--------------+----------+
+-+--------------+----------+

Report Cell Usage: 
+------+-----+------+
|      |Cell |Count |
+------+-----+------+
|1     |LUT1 |     2|
|2     |LUT2 |     5|
|3     |LUT3 |     9|
|4     |LUT4 |     6|
|5     |LUT5 |    23|
|6     |LUT6 |    80|
|7     |FDRE |   152|
|8     |FDSE |    11|
+------+-----+------+
---------------------------------------------------------------------------------
Finished Writing Synthesis Report : Time (s): cpu = 00:00:41 ; elapsed = 00:00:43 . Memory (MB): peak = 1752.586 ; gain = 1054.988
---------------------------------------------------------------------------------
Synthesis finished with 0 errors, 0 critical warnings and 7 warnings.
Synthesis Optimization Runtime : Time (s): cpu = 00:00:28 ; elapsed = 00:00:40 . Memory (MB): peak = 1752.586 ; gain = 986.051
Synthesis Optimization Complete : Time (s): cpu = 00:00:41 ; elapsed = 00:00:43 . Memory (MB): peak = 1752.586 ; gain = 1054.988
INFO: [Project 1-571] Translating synthesized netlist
Netlist sorting complete. Time (s): cpu = 00:00:00 ; elapsed = 00:00:00.004 . Memory (MB): peak = 1752.586 ; gain = 0.000
INFO: [Project 1-570] Preparing netlist for logic optimization
INFO: [Opt 31-138] Pushed 0 inverter(s) to 0 load pin(s).
Netlist sorting complete. Time (s): cpu = 00:00:00 ; elapsed = 00:00:00 . Memory (MB): peak = 1753.926 ; gain = 0.000
INFO: [Project 1-111] Unisim Transformation Summary:
No Unisim elements were transformed.

Synth Design complete | Checksum: 1db9e436
INFO: [Common 17-83] Releasing license: Synthesis
33 Infos, 14 Warnings, 0 Critical Warnings and 0 Errors encountered.
synth_design completed successfully
synth_design: Time (s): cpu = 00:00:46 ; elapsed = 00:00:50 . Memory (MB): peak = 1753.926 ; gain = 1238.426
Write ShapeDB Complete: Time (s): cpu = 00:00:00 ; elapsed = 00:00:00.002 . Memory (MB): peak = 1753.926 ; gain = 0.000
INFO: [Common 17-1381] The checkpoint 'C:/Users/emari/Desktop/mbv-axi-slave-ip-repo/vivado-axi-7seg/vivado-axi-7seg.runs/design_1_axi_7seg_0_0_synth_1/design_1_axi_7seg_0_0.dcp' has been generated.
INFO: [Coretcl 2-1648] Added synthesis output to IP cache for IP design_1_axi_7seg_0_0, cache-ID = 29e9203b22fef6f9
INFO: [Coretcl 2-1174] Renamed 3 cell refs.
Write ShapeDB Complete: Time (s): cpu = 00:00:00 ; elapsed = 00:00:00.001 . Memory (MB): peak = 1753.926 ; gain = 0.000
INFO: [Common 17-1381] The checkpoint 'C:/Users/emari/Desktop/mbv-axi-slave-ip-repo/vivado-axi-7seg/vivado-axi-7seg.runs/design_1_axi_7seg_0_0_synth_1/design_1_axi_7seg_0_0.dcp' has been generated.
INFO: [Vivado 12-24828] Executing command : report_utilization -file design_1_axi_7seg_0_0_utilization_synth.rpt -pb design_1_axi_7seg_0_0_utilization_synth.pb
INFO: [Common 17-206] Exiting Vivado at Thu Oct  2 09:03:30 2025...
